{'time': '01:02:21', 'status': 'No Cheating Detected', 'details': "Face Count: 1, Detected Objects: [('person', 0.8332286477088928)], Head Pose: -1, Audio: No suspicious audio detected"}
{'time': '01:02:31', 'status': 'No Cheating Detected', 'details': "Face Count: 0, Detected Objects: [('person', 0.9040613174438477)], Head Pose: No head detected., Audio: No suspicious audio detected"}
{'time': '01:02:41', 'status': 'No Cheating Detected', 'details': "Face Count: 1, Detected Objects: [('person', 0.8566895127296448)], Head Pose: -1, Audio: No suspicious audio detected"}
{'time': '01:03:54', 'status': 'No Cheating Detected', 'details': "Face Count: 0, Detected Objects: [('person', 0.8686968684196472)], Head Pose: No head detected., Audio: No suspicious audio detected"}
{'time': '01:04:04', 'status': 'No Cheating Detected', 'details': "Face Count: 0, Detected Objects: [('person', 0.9175924062728882)], Head Pose: No head detected., Audio: No suspicious audio detected"}
{'time': '01:04:14', 'status': 'No Cheating Detected', 'details': "Face Count: 0, Detected Objects: [('person', 0.6794936656951904)], Head Pose: No head detected., Audio: No suspicious audio detected"}
{'time': '01:04:24', 'status': 'No Cheating Detected', 'details': "Face Count: 0, Detected Objects: [('person', 0.8505978584289551)], Head Pose: No head detected., Audio: No suspicious audio detected"}
{'time': '01:04:34', 'status': 'No Cheating Detected', 'details': "Face Count: 0, Detected Objects: [('person', 0.903051495552063)], Head Pose: No head detected., Audio: No suspicious audio detected"}
{'time': '01:04:44', 'status': 'Cheating Detected', 'details': "Face Count: 1, Detected Objects: [('person', 0.569222629070282)], Head Pose: -1, Audio: Suspicious audio detected"}
{'time': '01:04:54', 'status': 'Cheating Detected', 'details': "Face Count: 0, Detected Objects: [('person', 0.8429616689682007)], Head Pose: No head detected., Audio: Suspicious audio detected"}
{'time': '01:05:04', 'status': 'No Cheating Detected', 'details': "Face Count: 0, Detected Objects: [('person', 0.821027934551239)], Head Pose: No head detected., Audio: No suspicious audio detected"}
{'time': '01:05:14', 'status': 'No Cheating Detected', 'details': 'Face Count: 0, Detected Objects: [], Head Pose: No head detected., Audio: No suspicious audio detected'}
{'time': '01:05:24', 'status': 'No Cheating Detected', 'details': "Face Count: 0, Detected Objects: [('person', 0.743610143661499)], Head Pose: No head detected., Audio: No suspicious audio detected"}
{'time': '01:06:29', 'status': 'No Cheating Detected', 'details': "Face Count: 0, Detected Objects: [('person', 0.8389562964439392)], Head Pose: No head detected., Audio: No suspicious audio detected"}
{'time': '01:06:39', 'status': 'No Cheating Detected', 'details': "Face Count: 0, Detected Objects: [('person', 0.8384157419204712)], Head Pose: No head detected., Audio: No suspicious audio detected"}
{'time': '01:06:49', 'status': 'No Cheating Detected', 'details': "Face Count: 1, Detected Objects: [('person', 0.8252285718917847)], Head Pose: -1, Audio: No suspicious audio detected"}
{'time': '01:06:59', 'status': 'No Cheating Detected', 'details': "Face Count: 0, Detected Objects: [('person', 0.852091372013092)], Head Pose: No head detected., Audio: No suspicious audio detected"}
{'time': '01:07:09', 'status': 'No Cheating Detected', 'details': "Face Count: 0, Detected Objects: [('person', 0.8599486351013184)], Head Pose: No head detected., Audio: No suspicious audio detected"}
{'time': '01:07:19', 'status': 'No Cheating Detected', 'details': "Face Count: 0, Detected Objects: [('person', 0.8156355023384094)], Head Pose: No head detected., Audio: No suspicious audio detected"}
{'time': '01:07:29', 'status': 'No Cheating Detected', 'details': "Face Count: 0, Detected Objects: [('person', 0.8436576128005981)], Head Pose: No head detected., Audio: No suspicious audio detected"}
{'time': '01:07:39', 'status': 'Cheating Detected', 'details': "Face Count: 0, Detected Objects: [('person', 0.7861136198043823)], Head Pose: No head detected., Audio: Suspicious audio detected"}
{'time': '01:07:49', 'status': 'No Cheating Detected', 'details': "Face Count: 0, Detected Objects: [('person', 0.8770455121994019)], Head Pose: No head detected., Audio: No suspicious audio detected"}
{'time': '01:07:59', 'status': 'No Cheating Detected', 'details': "Face Count: 0, Detected Objects: [('person', 0.8447104096412659)], Head Pose: No head detected., Audio: No suspicious audio detected"}
{'time': '01:08:09', 'status': 'No Cheating Detected', 'details': "Face Count: 0, Detected Objects: [('person', 0.8290502429008484)], Head Pose: No head detected., Audio: No suspicious audio detected"}
{'time': '01:08:19', 'status': 'No Cheating Detected', 'details': "Face Count: 0, Detected Objects: [('person', 0.7912090420722961)], Head Pose: No head detected., Audio: No suspicious audio detected"}
{'time': '01:08:29', 'status': 'No Cheating Detected', 'details': "Face Count: 0, Detected Objects: [('person', 0.8321938514709473)], Head Pose: No head detected., Audio: No suspicious audio detected"}
{'time': '01:08:39', 'status': 'No Cheating Detected', 'details': "Face Count: 0, Detected Objects: [('person', 0.8225015997886658)], Head Pose: No head detected., Audio: No suspicious audio detected"}
{'time': '01:08:49', 'status': 'No Cheating Detected', 'details': "Face Count: 0, Detected Objects: [('person', 0.8318905830383301)], Head Pose: No head detected., Audio: No suspicious audio detected"}
{'time': '01:08:59', 'status': 'No Cheating Detected', 'details': "Face Count: 0, Detected Objects: [('person', 0.846362292766571)], Head Pose: No head detected., Audio: No suspicious audio detected"}
{'time': '01:09:09', 'status': 'No Cheating Detected', 'details': "Face Count: 0, Detected Objects: [('person', 0.9020805954933167)], Head Pose: No head detected., Audio: No suspicious audio detected"}
{'time': '01:09:19', 'status': 'No Cheating Detected', 'details': "Face Count: 1, Detected Objects: [('person', 0.6316414475440979), ('person', 0.5508537292480469)], Head Pose: -1, Audio: No suspicious audio detected"}
{'time': '01:09:29', 'status': 'No Cheating Detected', 'details': "Face Count: 0, Detected Objects: [('person', 0.8955112099647522)], Head Pose: No head detected., Audio: No suspicious audio detected"}
{'time': '01:09:39', 'status': 'No Cheating Detected', 'details': "Face Count: 0, Detected Objects: [('person', 0.8273794054985046)], Head Pose: No head detected., Audio: No suspicious audio detected"}
{'time': '01:09:49', 'status': 'No Cheating Detected', 'details': "Face Count: 0, Detected Objects: [('person', 0.8346236944198608)], Head Pose: No head detected., Audio: No suspicious audio detected"}
{'time': '01:09:59', 'status': 'No Cheating Detected', 'details': "Face Count: 0, Detected Objects: [('cat', 0.6737561821937561)], Head Pose: No head detected., Audio: No suspicious audio detected"}
{'time': '01:11:45', 'status': 'No Cheating Detected', 'details': "Face Count: 0, Detected Objects: [('person', 0.8530479073524475)], Head Pose: No head detected., Audio: No suspicious audio detected"}
{'time': '01:11:55', 'status': 'No Cheating Detected', 'details': "Face Count: 0, Detected Objects: [('person', 0.8547255992889404)], Head Pose: No head detected., Audio: No suspicious audio detected"}
{'time': '01:12:05', 'status': 'Cheating Detected', 'details': "Face Count: 0, Detected Objects: [('person', 0.8779997229576111), ('person', 0.6716243624687195)], Head Pose: No head detected., Audio: Suspicious audio detected"}
{'time': '01:12:15', 'status': 'Cheating Detected', 'details': "Face Count: 0, Detected Objects: [('person', 0.8531388640403748)], Head Pose: No head detected., Audio: Suspicious audio detected"}
{'time': '01:12:25', 'status': 'No Cheating Detected', 'details': "Face Count: 0, Detected Objects: [('person', 0.8526220321655273)], Head Pose: No head detected., Audio: No suspicious audio detected"}
{'time': '01:12:35', 'status': 'No Cheating Detected', 'details': "Face Count: 0, Detected Objects: [('person', 0.8508239984512329)], Head Pose: No head detected., Audio: No suspicious audio detected"}
{'time': '01:12:45', 'status': 'No Cheating Detected', 'details': "Face Count: 0, Detected Objects: [('person', 0.8728712797164917)], Head Pose: No head detected., Audio: No suspicious audio detected"}
{'time': '01:12:55', 'status': 'No Cheating Detected', 'details': "Face Count: 0, Detected Objects: [('person', 0.8618369698524475)], Head Pose: No head detected., Audio: No suspicious audio detected"}
{'time': '01:13:05', 'status': 'No Cheating Detected', 'details': "Face Count: 0, Detected Objects: [('person', 0.8275912404060364)], Head Pose: No head detected., Audio: No suspicious audio detected"}
{'time': '01:13:15', 'status': 'Cheating Detected', 'details': "Face Count: 0, Detected Objects: [('person', 0.7899518609046936)], Head Pose: No head detected., Audio: Suspicious audio detected"}
{'time': '01:13:25', 'status': 'No Cheating Detected', 'details': "Face Count: 0, Detected Objects: [('person', 0.6491944193840027), ('cat', 0.6085732579231262)], Head Pose: No head detected., Audio: No suspicious audio detected"}
{'time': '01:13:35', 'status': 'Cheating Detected', 'details': "Face Count: 0, Detected Objects: [('person', 0.7140871286392212)], Head Pose: No head detected., Audio: Suspicious audio detected"}
{'time': '01:13:45', 'status': 'Cheating Detected', 'details': "Face Count: 0, Detected Objects: [('person', 0.851125180721283)], Head Pose: No head detected., Audio: Suspicious audio detected"}
{'time': '01:13:55', 'status': 'No Cheating Detected', 'details': "Face Count: 0, Detected Objects: [('person', 0.837642252445221)], Head Pose: No head detected., Audio: No suspicious audio detected"}
{'time': '03:00:22', 'status': 'Cheating Detected', 'details': "Face Count: 1, Detected Objects: [('person', 0.6177068948745728)], Head Pose: -1, Audio: Suspicious audio detected"}
{'time': '03:00:32', 'status': 'No Cheating Detected', 'details': "Face Count: 0, Detected Objects: [('person', 0.8454644083976746)], Head Pose: No head detected., Audio: No suspicious audio detected"}
{'time': '03:00:42', 'status': 'No Cheating Detected', 'details': "Face Count: 0, Detected Objects: [('person', 0.8736951947212219)], Head Pose: No head detected., Audio: No suspicious audio detected"}
{'time': '03:00:52', 'status': 'No Cheating Detected', 'details': "Face Count: 0, Detected Objects: [('person', 0.6926501989364624)], Head Pose: No head detected., Audio: No suspicious audio detected"}
{'time': '03:01:02', 'status': 'No Cheating Detected', 'details': "Face Count: 0, Detected Objects: [('person', 0.8914023041725159)], Head Pose: No head detected., Audio: No suspicious audio detected"}
{'time': '03:01:12', 'status': 'No Cheating Detected', 'details': "Face Count: 0, Detected Objects: [('person', 0.9103836417198181)], Head Pose: No head detected., Audio: No suspicious audio detected"}
{'time': '03:01:22', 'status': 'No Cheating Detected', 'details': "Face Count: 0, Detected Objects: [('person', 0.9055958986282349)], Head Pose: No head detected., Audio: No suspicious audio detected"}
{'time': '03:01:32', 'status': 'No Cheating Detected', 'details': "Face Count: 0, Detected Objects: [('person', 0.91963130235672)], Head Pose: No head detected., Audio: No suspicious audio detected"}
{'time': '03:01:42', 'status': 'No Cheating Detected', 'details': "Face Count: 0, Detected Objects: [('person', 0.9246431589126587)], Head Pose: No head detected., Audio: No suspicious audio detected"}
{'time': '03:01:52', 'status': 'No Cheating Detected', 'details': "Face Count: 0, Detected Objects: [('person', 0.8234763145446777)], Head Pose: No head detected., Audio: No suspicious audio detected"}
{'time': '03:02:02', 'status': 'No Cheating Detected', 'details': "Face Count: 0, Detected Objects: [('person', 0.865082323551178)], Head Pose: No head detected., Audio: No suspicious audio detected"}
{'time': '03:02:12', 'status': 'No Cheating Detected', 'details': "Face Count: 0, Detected Objects: [('person', 0.9034523963928223)], Head Pose: No head detected., Audio: No suspicious audio detected"}
{'time': '03:02:22', 'status': 'No Cheating Detected', 'details': "Face Count: 0, Detected Objects: [('person', 0.8831249475479126)], Head Pose: No head detected., Audio: No suspicious audio detected"}
{'time': '03:02:32', 'status': 'No Cheating Detected', 'details': "Face Count: 0, Detected Objects: [('person', 0.9153535962104797)], Head Pose: No head detected., Audio: No suspicious audio detected"}
{'time': '03:02:42', 'status': 'No Cheating Detected', 'details': "Face Count: 0, Detected Objects: [('person', 0.8919426202774048)], Head Pose: No head detected., Audio: No suspicious audio detected"}
